
T6324B740 000:000 SEGGER J-Link V4.80e Log File (0000ms, 0000ms total)
T6324B740 000:000 DLL Compiled: Jan 31 2014 18:14:04 (0000ms, 0000ms total)
T6324B740 000:000 Logging started @ 2014-03-13 17:55 (0000ms, 0000ms total)
T6324B740 000:000 JLINK_SetWarnOutHandler(...) (0001ms, 0001ms total)
T6324B740 000:001 JLINK_SelectUSB(Port = 0)  returns 0x00 (0000ms, 0001ms total)
T6324B740 000:001 JLINK_OpenEx(...)
Firmware: J-Link ARM V8 compiled Nov 25 2013 19:20:08
Hardware: V8.00
S/N: 28015570
OEM: SAM-ICE
Feature(s): RDI, GDB  returns O.K. (0256ms, 0257ms total)
T6324B740 000:257 JLINK_SetErrorOutHandler(...) (0000ms, 0257ms total)
T6324B740 000:257 JLINK_EnableLog(...) (0000ms, 0257ms total)
T6324B740 000:257 JLINK_SetInitRegsOnReset(OFF)  returns 0x01 (0000ms, 0257ms total)
T6324B740 000:257 JLINK_GetDLLVersion()  returns 48005 (0000ms, 0257ms total)
T6324B740 000:258 JLINK_GetCompileDateTime() (0000ms, 0258ms total)
T6324B740 000:258 JLINK_GetFirmwareString(...) (0000ms, 0258ms total)
T6324B740 000:258 JLINK_GetHardwareVersion()  returns 0x13880 (0000ms, 0258ms total)
T6324B740 000:258 JLINK_EMU_HasCapEx(0x00000026)  returns 0x00 (0000ms, 0258ms total)
T6324B740 000:258 JLINK_EMU_GetProductId() (0000ms, 0258ms total)
T6324B740 000:258 JLINK_GetHardwareVersion()  returns 0x13880 (0000ms, 0258ms total)
T6324B740 000:258 JLINK_GetFirmwareString(...) (0000ms, 0258ms total)
T6324B740 000:258 JLINK_GetEmuCaps()  returns 0xB9FF7BBF (0000ms, 0258ms total)
T6324B740 000:258 JLINK_GetEmuCaps()  returns 0xB9FF7BBF (0000ms, 0258ms total)
T6324B740 000:258 JLINK_GetHWStatus(...)  returns 0x00 (0001ms, 0259ms total)
T6324B740 000:259 JLINK_SetSpeed(100) (0000ms, 0259ms total)
T6324B740 000:259 JLINK_GetEmuCaps()  returns 0xB9FF7BBF (0000ms, 0259ms total)
T6324B740 000:259 JLINK_TIF_GetAvailable(...) (0001ms, 0260ms total)
T6324B740 000:260 JLINK_Connect() >0x2F8 JTAG>TotalIRLen = 4, IRPrint = 0x01 >0x30 JTAG> >0x210 JTAG> >0x70 JTAG> >0x40 JTAG> >0x40 JTAG> >0x40 JTAG> >0x48 JTAG> >0x78 JTAG> >0x40 JTAG> >0x30 JTAG> >0x40 JTAG> >0x40 JTAG> >0x30 JTAG> >0x40 JTAG> >0x48 JTAG>Found Cortex-M4 r0p1, Little endian. -- CPU_WriteMem(4 bytes @ 0xE0002000) -- CPU_ReadMem(4 bytes @ 0xE000EDF0) -- CPU_WriteMem(4 bytes @ 0xE000EDF0) -- CPU_ReadMem(4 bytes @ 0xE0002000)FPUnit: 6 code (BP) slots and 2 literal slots
 -- CPU_ReadMem(4 bytes @ 0xE000EDFC) -- CPU_WriteMem(4 bytes @ 0xE000EDFC) -- CPU_ReadMem(4 bytes @ 0xE0001000) -- CPU_WriteMem(4 bytes @ 0xE0001000) -- CPU_ReadMem(4 bytes @ 0xE00FF010)TPIU fitted. -- CPU_ReadMem(4 bytes @ 0xE00FF014) -- CPU_ReadMem(4 bytes @ 0xE00FF018)  returns 0x00 (0083ms, 0343ms total)
T6324B740 000:343 JLINK_GetIdData(...) ScanLen=4 NumDevices=1 aId[0]=0x4BA00477 aIrRead[0]=0 aScanLen[0]=0 aScanRead[0]=0 (0000ms, 0343ms total)
T6324B740 000:343 JLINK_JTAG_GetDeviceID(DeviceIndex = 0)  returns 0x4BA00477 (0000ms, 0343ms total)
T6324B740 000:343 JLINK_JTAG_GetDeviceInfo(DeviceIndex = 0)  returns 0x00 (0000ms, 0343ms total)
T6324B740 000:343 JLINK_GetDeviceFamily()  returns 14 (0000ms, 0343ms total)
T6324B740 000:343 JLINK_GetDeviceFamily()  returns 14 (0001ms, 0344ms total)
T6324B740 000:344 JLINK_GetDeviceFamily()  returns 14 (0000ms, 0344ms total)
T6324B740 000:344 JLINK_GetDeviceFamily()  returns 14 (0000ms, 0344ms total)
T6324B740 000:344 JLINK_GetDeviceFamily()  returns 14 (0000ms, 0344ms total)
T6324B740 000:344 JLINK_SetSpeed(100) (0000ms, 0344ms total)
T6324B740 000:344 JLINK_GetHWStatus(...)  returns 0x00 (0000ms, 0344ms total)
T6324B740 000:345 JLINK_GetSpeedInfo() 48000000 Hz / n, n >= 4 (0000ms, 0344ms total)
T6324B740 000:345 JLINK_MeasureRTCKReactTime() (0001ms, 0345ms total)
T6324B740 000:346 JLINK_GetSpeed()  returns 0x64 (0000ms, 0345ms total)
T6324B740 000:787 JLINK_Halt()  returns 0x00 (0061ms, 0406ms total)
T6324B740 000:848 JLINK_GetDeviceFamily()  returns 14 (0000ms, 0406ms total)
T6324B740 000:848 JLINK_ReadRegs(NumRegs = 28, Indexes: 0, 1, 2, 3, 4, 5, 6, 7, 8, 9, 10, 11, 12, 13, 17, 18, 14, 15, 16, 21, 22, 23, 20, 27, 26, 25, 24, 65) -- CPU_ReadMem(4 bytes @ 0xE0001004)
 -- R0=0x40030000, R1=0x58, R2=0x20000646, R3=0x800000, R4=0x17041, R5=0x00, R6=0x20000960, R7=0x01, R8=0x1748503B, R9=0x32204634, R10=0x42CA3B08, R11=0x38583021, R12=0x00, R13 (SP)=0x20001900, MSP=0x20001900, PSP=0x11106000, R14=0x14063, R15 (PC)=0x13CB4, XPSR=0x41000037, APSR=0x40000000, EPSR=0x1000000, IPSR=0x37, CFBP=0x00, CONTROL=0x00, FAULTMASK=0x00, BASEPRI=0x00, PRIMASK=0x00, CycleCnt=0x159AA28  returns 0x00 (0006ms, 0412ms total)
T6324B740 000:854 JLINK_ReadRegs(NumRegs = 33, Indexes: 33, 34, 35, 36, 37, 38, 39, 40, 41, 42, 43, 44, 45, 46, 47, 48, 49, 50, 51, 52, 53, 54, 55, 56, 57, 58, 59, 60, 61, 62, 63, 64, 32)
 -- FPS0=0x00, FPS1=0x00, FPS2=0x00, FPS3=0x00, FPS4=0x00, FPS5=0x00, FPS6=0x00, FPS7=0x00, FPS8=0x00, FPS9=0x00, FPS10=0x00, FPS11=0x00, FPS12=0x00, FPS13=0x00, FPS14=0x00, FPS15=0x00, FPS16=0x00, FPS17=0x00, FPS18=0x00, FPS19=0x00, FPS20=0x00, FPS21=0x00, FPS22=0x00, FPS23=0x00, FPS24=0x00, FPS25=0x00, FPS26=0x00, FPS27=0x00, FPS28=0x00, FPS29=0x00, FPS30=0x00, FPS31=0x00, FPSCR=0x00  returns 0x00 (0095ms, 0507ms total)
T6324B740 013:577 JLINK_IsHalted()  returns TRUE (0004ms, 0511ms total)
T6324B740 013:582 JLINK_GetDeviceFamily()  returns 14 (0000ms, 0507ms total)
T6324B740 013:582 JLINK_ReadReg(R15 (PC))  returns 0x00013CB4 (0000ms, 0507ms total)
T6324B740 013:582 JLINK_DisassembleInst(Addr = 0x00013CB4)
                JLINK_ReadMemEx(0x00013CB4, 0x0002 Bytes, ..., AccessWidth = 0) -- CPU_ReadMem(2 bytes @ 0x00013CB4) -- Data:  43 69  returns 0x02 (0005ms, 0005ms total)
                returns 0x02 (0005ms, 0512ms total)
T6324B740 013:587 JLINK_ReadMemEx(0x00013CB4, 0x0002 Bytes, ..., AccessWidth = 0) -- CPU_ReadMem(2 bytes @ 0x00013CB4) -- Data:  43 69  returns 0x02 (0006ms, 0518ms total)
T6324B740 013:593 JLINK_Step() -- CPU_ReadMem(2 bytes @ 0x00013CB4) -- Not simulated  returns 0x00 (0076ms, 0594ms total)
T6324B740 014:466 JLINK_IsHalted()  returns TRUE (0004ms, 0598ms total)
T6324B740 014:470 JLINK_GetDeviceFamily()  returns 14 (0000ms, 0594ms total)
T6324B740 014:470 JLINK_ReadReg(R15 (PC))  returns 0x00013CB6 (0000ms, 0594ms total)
T6324B740 014:470 JLINK_DisassembleInst(Addr = 0x00013CB6)
                JLINK_ReadMemEx(0x00013CB6, 0x0002 Bytes, ..., AccessWidth = 0) -- CPU_ReadMem(64 bytes @ 0x00013C80) -- Updating DA cache (64 bytes @ 0x00013C80) -- Read from DA cache (2 bytes @ 0x00013CB6) -- Data:  13 F0  returns 0x02 (0013ms, 0013ms total)
                JLINK_ReadMemEx(0x00013CB8, 0x0002 Bytes, ..., AccessWidth = 0) -- Read from DA cache (2 bytes @ 0x00013CB8) -- Data:  02 0F  returns 0x02 (0001ms, 0014ms total)
                returns 0x04 (0014ms, 0608ms total)
T6324B740 014:484 JLINK_ReadMemEx(0x00013CB6, 0x0004 Bytes, ..., AccessWidth = 0) -- Read from DA cache (4 bytes @ 0x00013CB6) -- Data:  13 F0 02 0F  returns 0x04 (0000ms, 0608ms total)
T6324B740 014:484 JLINK_Step() -- Read from DA cache (2 bytes @ 0x00013CB6) -- CPU_ReadMem(4 bytes @ 0xE0001004) -- Not simulated  returns 0x00 (0076ms, 0684ms total)
T6324B740 014:899 JLINK_IsHalted()  returns TRUE (0000ms, 0684ms total)
T6324B740 014:899 JLINK_GetDeviceFamily()  returns 14 (0000ms, 0684ms total)
T6324B740 014:899 JLINK_ReadReg(R15 (PC))  returns 0x00013CBA (0000ms, 0684ms total)
T6324B740 014:899 JLINK_DisassembleInst(Addr = 0x00013CBA)
                JLINK_ReadMemEx(0x00013CBA, 0x0002 Bytes, ..., AccessWidth = 0) -- CPU_ReadMem(64 bytes @ 0x00013C80) -- Updating DA cache (64 bytes @ 0x00013C80) -- Read from DA cache (2 bytes @ 0x00013CBA) -- Data:  FB D0  returns 0x02 (0013ms, 0013ms total)
                returns 0x02 (0013ms, 0697ms total)
T6324B740 014:912 JLINK_ReadMemEx(0x00013CBA, 0x0002 Bytes, ..., AccessWidth = 0) -- Read from DA cache (2 bytes @ 0x00013CBA) -- Data:  FB D0  returns 0x02 (0001ms, 0698ms total)
T6324B740 014:913 JLINK_Step() -- Read from DA cache (2 bytes @ 0x00013CBA) -- CPU_ReadMem(4 bytes @ 0xE0001004) -- Simulated  returns 0x00 (0005ms, 0703ms total)
T6324B740 015:234 JLINK_IsHalted()  returns TRUE (0004ms, 0707ms total)
T6324B740 015:238 JLINK_GetDeviceFamily()  returns 14 (0000ms, 0703ms total)
T6324B740 015:238 JLINK_ReadReg(R15 (PC))  returns 0x00013CB4 (0000ms, 0703ms total)
T6324B740 015:238 JLINK_DisassembleInst(Addr = 0x00013CB4)
                JLINK_ReadMemEx(0x00013CB4, 0x0002 Bytes, ..., AccessWidth = 0) -- Read from DA cache (2 bytes @ 0x00013CB4) -- Data:  43 69  returns 0x02 (0000ms, 0000ms total)
                returns 0x02 (0001ms, 0704ms total)
T6324B740 015:239 JLINK_ReadMemEx(0x00013CB4, 0x0002 Bytes, ..., AccessWidth = 0) -- Read from DA cache (2 bytes @ 0x00013CB4) -- Data:  43 69  returns 0x02 (0000ms, 0704ms total)
T6324B740 015:239 JLINK_Step() -- Read from DA cache (2 bytes @ 0x00013CB4) -- Not simulated -- CPU_WriteMem(4 bytes @ 0xE0001004)  returns 0x00 (0079ms, 0783ms total)
T6324B740 015:595 JLINK_IsHalted()  returns TRUE (0000ms, 0783ms total)
T6324B740 015:595 JLINK_GetDeviceFamily()  returns 14 (0000ms, 0783ms total)
T6324B740 015:595 JLINK_ReadReg(R15 (PC))  returns 0x00013CB6 (0000ms, 0783ms total)
T6324B740 015:595 JLINK_DisassembleInst(Addr = 0x00013CB6)
                JLINK_ReadMemEx(0x00013CB6, 0x0002 Bytes, ..., AccessWidth = 0) -- CPU_ReadMem(64 bytes @ 0x00013C80) -- Updating DA cache (64 bytes @ 0x00013C80) -- Read from DA cache (2 bytes @ 0x00013CB6) -- Data:  13 F0  returns 0x02 (0013ms, 0013ms total)
                JLINK_ReadMemEx(0x00013CB8, 0x0002 Bytes, ..., AccessWidth = 0) -- Read from DA cache (2 bytes @ 0x00013CB8) -- Data:  02 0F  returns 0x02 (0000ms, 0013ms total)
                returns 0x04 (0014ms, 0797ms total)
T6324B740 015:609 JLINK_ReadMemEx(0x00013CB6, 0x0004 Bytes, ..., AccessWidth = 0) -- Read from DA cache (4 bytes @ 0x00013CB6) -- Data:  13 F0 02 0F  returns 0x04 (0000ms, 0797ms total)
T6324B740 015:609 JLINK_Step() -- Read from DA cache (2 bytes @ 0x00013CB6) -- CPU_ReadMem(4 bytes @ 0xE0001004) -- Not simulated  returns 0x00 (0076ms, 0873ms total)
T6324B740 015:931 JLINK_IsHalted()  returns TRUE (0004ms, 0877ms total)
T6324B740 015:935 JLINK_GetDeviceFamily()  returns 14 (0001ms, 0874ms total)
T6324B740 015:936 JLINK_ReadReg(R15 (PC))  returns 0x00013CBA (0000ms, 0874ms total)
T6324B740 015:936 JLINK_DisassembleInst(Addr = 0x00013CBA)
                JLINK_ReadMemEx(0x00013CBA, 0x0002 Bytes, ..., AccessWidth = 0) -- CPU_ReadMem(64 bytes @ 0x00013C80) -- Updating DA cache (64 bytes @ 0x00013C80) -- Read from DA cache (2 bytes @ 0x00013CBA) -- Data:  FB D0  returns 0x02 (0013ms, 0013ms total)
                returns 0x02 (0013ms, 0887ms total)
T6324B740 015:949 JLINK_ReadMemEx(0x00013CBA, 0x0002 Bytes, ..., AccessWidth = 0) -- Read from DA cache (2 bytes @ 0x00013CBA) -- Data:  FB D0  returns 0x02 (0000ms, 0887ms total)
T6324B740 015:949 JLINK_Step() -- Read from DA cache (2 bytes @ 0x00013CBA) -- CPU_ReadMem(4 bytes @ 0xE0001004) -- Simulated  returns 0x00 (0005ms, 0892ms total)
T6324B740 016:219 JLINK_IsHalted()  returns TRUE (0000ms, 0892ms total)
T6324B740 016:219 JLINK_GetDeviceFamily()  returns 14 (0000ms, 0892ms total)
T6324B740 016:219 JLINK_ReadReg(R15 (PC))  returns 0x00013CB4 (0000ms, 0892ms total)
T6324B740 016:219 JLINK_DisassembleInst(Addr = 0x00013CB4)
                JLINK_ReadMemEx(0x00013CB4, 0x0002 Bytes, ..., AccessWidth = 0) -- Read from DA cache (2 bytes @ 0x00013CB4) -- Data:  43 69  returns 0x02 (0000ms, 0000ms total)
                returns 0x02 (0000ms, 0892ms total)
T6324B740 016:219 JLINK_ReadMemEx(0x00013CB4, 0x0002 Bytes, ..., AccessWidth = 0) -- Read from DA cache (2 bytes @ 0x00013CB4) -- Data:  43 69  returns 0x02 (0000ms, 0892ms total)
T6324B740 016:219 JLINK_Step() -- Read from DA cache (2 bytes @ 0x00013CB4) -- Not simulated -- CPU_WriteMem(4 bytes @ 0xE0001004)  returns 0x00 (0079ms, 0971ms total)
T6324B740 016:507 JLINK_IsHalted()  returns TRUE (0003ms, 0974ms total)
T6324B740 016:510 JLINK_GetDeviceFamily()  returns 14 (0000ms, 0971ms total)
T6324B740 016:510 JLINK_ReadReg(R15 (PC))  returns 0x00013CB6 (0001ms, 0972ms total)
T6324B740 016:511 JLINK_DisassembleInst(Addr = 0x00013CB6)
                JLINK_ReadMemEx(0x00013CB6, 0x0002 Bytes, ..., AccessWidth = 0) -- CPU_ReadMem(64 bytes @ 0x00013C80) -- Updating DA cache (64 bytes @ 0x00013C80) -- Read from DA cache (2 bytes @ 0x00013CB6) -- Data:  13 F0  returns 0x02 (0012ms, 0012ms total)
                JLINK_ReadMemEx(0x00013CB8, 0x0002 Bytes, ..., AccessWidth = 0) -- Read from DA cache (2 bytes @ 0x00013CB8) -- Data:  02 0F  returns 0x02 (0000ms, 0012ms total)
                returns 0x04 (0012ms, 0984ms total)
T6324B740 016:523 JLINK_ReadMemEx(0x00013CB6, 0x0004 Bytes, ..., AccessWidth = 0) -- Read from DA cache (4 bytes @ 0x00013CB6) -- Data:  13 F0 02 0F  returns 0x04 (0000ms, 0984ms total)
T6324B740 016:523 JLINK_Step() -- Read from DA cache (2 bytes @ 0x00013CB6) -- CPU_ReadMem(4 bytes @ 0xE0001004) -- Not simulated  returns 0x00 (0076ms, 1060ms total)
T6324B740 016:794 JLINK_IsHalted()  returns TRUE (0000ms, 1060ms total)
T6324B740 016:794 JLINK_GetDeviceFamily()  returns 14 (0000ms, 1060ms total)
T6324B740 016:794 JLINK_ReadReg(R15 (PC))  returns 0x00013CBA (0000ms, 1060ms total)
T6324B740 016:794 JLINK_DisassembleInst(Addr = 0x00013CBA)
                JLINK_ReadMemEx(0x00013CBA, 0x0002 Bytes, ..., AccessWidth = 0) -- CPU_ReadMem(64 bytes @ 0x00013C80) -- Updating DA cache (64 bytes @ 0x00013C80) -- Read from DA cache (2 bytes @ 0x00013CBA) -- Data:  FB D0  returns 0x02 (0013ms, 0013ms total)
                returns 0x02 (0013ms, 1073ms total)
T6324B740 016:808 JLINK_ReadMemEx(0x00013CBA, 0x0002 Bytes, ..., AccessWidth = 0) -- Read from DA cache (2 bytes @ 0x00013CBA) -- Data:  FB D0  returns 0x02 (0000ms, 1074ms total)
T6324B740 016:808 JLINK_Step() -- Read from DA cache (2 bytes @ 0x00013CBA) -- CPU_ReadMem(4 bytes @ 0xE0001004) -- Simulated  returns 0x00 (0005ms, 1079ms total)
T6324B740 017:115 JLINK_IsHalted()  returns TRUE (0004ms, 1083ms total)
T6324B740 017:119 JLINK_GetDeviceFamily()  returns 14 (0000ms, 1079ms total)
T6324B740 017:119 JLINK_ReadReg(R15 (PC))  returns 0x00013CB4 (0000ms, 1079ms total)
T6324B740 017:119 JLINK_DisassembleInst(Addr = 0x00013CB4)
                JLINK_ReadMemEx(0x00013CB4, 0x0002 Bytes, ..., AccessWidth = 0) -- Read from DA cache (2 bytes @ 0x00013CB4) -- Data:  43 69  returns 0x02 (0000ms, 0000ms total)
                returns 0x02 (0000ms, 1079ms total)
T6324B740 017:119 JLINK_ReadMemEx(0x00013CB4, 0x0002 Bytes, ..., AccessWidth = 0) -- Read from DA cache (2 bytes @ 0x00013CB4) -- Data:  43 69  returns 0x02 (0000ms, 1079ms total)
T6324B740 017:119 JLINK_Step() -- Read from DA cache (2 bytes @ 0x00013CB4) -- Not simulated -- CPU_WriteMem(4 bytes @ 0xE0001004)  returns 0x00 (0079ms, 1158ms total)
T6324B740 017:403 JLINK_IsHalted()  returns TRUE (0000ms, 1158ms total)
T6324B740 017:403 JLINK_GetDeviceFamily()  returns 14 (0000ms, 1158ms total)
T6324B740 017:403 JLINK_ReadReg(R15 (PC))  returns 0x00013CB6 (0000ms, 1158ms total)
T6324B740 017:403 JLINK_DisassembleInst(Addr = 0x00013CB6)
                JLINK_ReadMemEx(0x00013CB6, 0x0002 Bytes, ..., AccessWidth = 0) -- CPU_ReadMem(64 bytes @ 0x00013C80) -- Updating DA cache (64 bytes @ 0x00013C80) -- Read from DA cache (2 bytes @ 0x00013CB6) -- Data:  13 F0  returns 0x02 (0013ms, 0013ms total)
                JLINK_ReadMemEx(0x00013CB8, 0x0002 Bytes, ..., AccessWidth = 0) -- Read from DA cache (2 bytes @ 0x00013CB8) -- Data:  02 0F  returns 0x02 (0000ms, 0013ms total)
                returns 0x04 (0013ms, 1171ms total)
T6324B740 017:416 JLINK_ReadMemEx(0x00013CB6, 0x0004 Bytes, ..., AccessWidth = 0) -- Read from DA cache (4 bytes @ 0x00013CB6) -- Data:  13 F0 02 0F  returns 0x04 (0000ms, 1171ms total)
T6324B740 017:416 JLINK_Step() -- Read from DA cache (2 bytes @ 0x00013CB6) -- CPU_ReadMem(4 bytes @ 0xE0001004) -- Not simulated  returns 0x00 (0076ms, 1247ms total)
T6324B740 018:091 JLINK_IsHalted()  returns TRUE (0004ms, 1251ms total)
T6324B740 018:095 JLINK_GetDeviceFamily()  returns 14 (0000ms, 1247ms total)
T6324B740 018:095 JLINK_ReadReg(R15 (PC))  returns 0x00013CBA (0000ms, 1247ms total)
T6324B740 018:095 JLINK_DisassembleInst(Addr = 0x00013CBA)
                JLINK_ReadMemEx(0x00013CBA, 0x0002 Bytes, ..., AccessWidth = 0) -- CPU_ReadMem(64 bytes @ 0x00013C80) -- Updating DA cache (64 bytes @ 0x00013C80) -- Read from DA cache (2 bytes @ 0x00013CBA) -- Data:  FB D0  returns 0x02 (0013ms, 0013ms total)
                returns 0x02 (0013ms, 1260ms total)
T6324B740 018:108 JLINK_ReadMemEx(0x00013CBA, 0x0002 Bytes, ..., AccessWidth = 0) -- Read from DA cache (2 bytes @ 0x00013CBA) -- Data:  FB D0  returns 0x02 (0000ms, 1260ms total)
T6324B740 018:108 JLINK_Step() -- Read from DA cache (2 bytes @ 0x00013CBA) -- CPU_ReadMem(4 bytes @ 0xE0001004) -- Simulated  returns 0x00 (0005ms, 1265ms total)
T6324B740 019:571 JLINK_IsHalted()  returns TRUE (0004ms, 1269ms total)
T6324B740 019:575 JLINK_GetDeviceFamily()  returns 14 (0000ms, 1265ms total)
T6324B740 019:575 JLINK_ReadReg(R15 (PC))  returns 0x00013CB4 (0000ms, 1265ms total)
T6324B740 019:575 JLINK_DisassembleInst(Addr = 0x00013CB4)
                JLINK_ReadMemEx(0x00013CB4, 0x0002 Bytes, ..., AccessWidth = 0) -- Read from DA cache (2 bytes @ 0x00013CB4) -- Data:  43 69  returns 0x02 (0000ms, 0000ms total)
                returns 0x02 (0001ms, 1266ms total)
T6324B740 019:576 JLINK_ReadMemEx(0x00013CB4, 0x0002 Bytes, ..., AccessWidth = 0) -- Read from DA cache (2 bytes @ 0x00013CB4) -- Data:  43 69  returns 0x02 (0000ms, 1266ms total)
T6324B740 019:576 JLINK_Step() -- Read from DA cache (2 bytes @ 0x00013CB4) -- Not simulated -- CPU_WriteMem(4 bytes @ 0xE0001004)  returns 0x00 (0079ms, 1345ms total)
T6324B740 020:242 JLINK_IsHalted()  returns TRUE (0004ms, 1349ms total)
T6324B740 020:246 JLINK_GetDeviceFamily()  returns 14 (0000ms, 1345ms total)
T6324B740 020:246 JLINK_ReadReg(R15 (PC))  returns 0x00013CB6 (0000ms, 1345ms total)
T6324B740 020:246 JLINK_DisassembleInst(Addr = 0x00013CB6)
                JLINK_ReadMemEx(0x00013CB6, 0x0002 Bytes, ..., AccessWidth = 0) -- CPU_ReadMem(64 bytes @ 0x00013C80) -- Updating DA cache (64 bytes @ 0x00013C80) -- Read from DA cache (2 bytes @ 0x00013CB6) -- Data:  13 F0  returns 0x02 (0013ms, 0013ms total)
                JLINK_ReadMemEx(0x00013CB8, 0x0002 Bytes, ..., AccessWidth = 0) -- Read from DA cache (2 bytes @ 0x00013CB8) -- Data:  02 0F  returns 0x02 (0000ms, 0013ms total)
                returns 0x04 (0014ms, 1359ms total)
T6324B740 020:260 JLINK_ReadMemEx(0x00013CB6, 0x0004 Bytes, ..., AccessWidth = 0) -- Read from DA cache (4 bytes @ 0x00013CB6) -- Data:  13 F0 02 0F  returns 0x04 (0000ms, 1359ms total)
T6324B740 020:260 JLINK_Step() -- Read from DA cache (2 bytes @ 0x00013CB6) -- CPU_ReadMem(4 bytes @ 0xE0001004) -- Not simulated  returns 0x00 (0075ms, 1434ms total)
T6324B740 020:577 JLINK_IsHalted()  returns TRUE (0001ms, 1435ms total)
T6324B740 020:578 JLINK_GetDeviceFamily()  returns 14 (0000ms, 1434ms total)
T6324B740 020:578 JLINK_ReadReg(R15 (PC))  returns 0x00013CBA (0000ms, 1434ms total)
T6324B740 020:578 JLINK_DisassembleInst(Addr = 0x00013CBA)
                JLINK_ReadMemEx(0x00013CBA, 0x0002 Bytes, ..., AccessWidth = 0) -- CPU_ReadMem(64 bytes @ 0x00013C80) -- Updating DA cache (64 bytes @ 0x00013C80) -- Read from DA cache (2 bytes @ 0x00013CBA) -- Data:  FB D0  returns 0x02 (0013ms, 0013ms total)
                returns 0x02 (0013ms, 1447ms total)
T6324B740 020:591 JLINK_ReadMemEx(0x00013CBA, 0x0002 Bytes, ..., AccessWidth = 0) -- Read from DA cache (2 bytes @ 0x00013CBA) -- Data:  FB D0  returns 0x02 (0000ms, 1447ms total)
T6324B740 020:591 JLINK_Step() -- Read from DA cache (2 bytes @ 0x00013CBA) -- CPU_ReadMem(4 bytes @ 0xE0001004) -- Simulated  returns 0x00 (0005ms, 1452ms total)
T6324B740 020:899 JLINK_IsHalted()  returns TRUE (0004ms, 1456ms total)
T6324B740 020:903 JLINK_GetDeviceFamily()  returns 14 (0000ms, 1452ms total)
T6324B740 020:903 JLINK_ReadReg(R15 (PC))  returns 0x00013CB4 (0000ms, 1452ms total)
T6324B740 020:903 JLINK_DisassembleInst(Addr = 0x00013CB4)
                JLINK_ReadMemEx(0x00013CB4, 0x0002 Bytes, ..., AccessWidth = 0) -- Read from DA cache (2 bytes @ 0x00013CB4) -- Data:  43 69  returns 0x02 (0000ms, 0000ms total)
                returns 0x02 (0000ms, 1452ms total)
T6324B740 020:903 JLINK_ReadMemEx(0x00013CB4, 0x0002 Bytes, ..., AccessWidth = 0) -- Read from DA cache (2 bytes @ 0x00013CB4) -- Data:  43 69  returns 0x02 (0000ms, 1452ms total)
T6324B740 020:903 JLINK_Step() -- Read from DA cache (2 bytes @ 0x00013CB4) -- Not simulated -- CPU_WriteMem(4 bytes @ 0xE0001004)  returns 0x00 (0079ms, 1531ms total)
T6324B740 021:507 JLINK_IsHalted()  returns TRUE (0004ms, 1535ms total)
T6324B740 021:511 JLINK_GetDeviceFamily()  returns 14 (0000ms, 1531ms total)
T6324B740 021:511 JLINK_ReadReg(R15 (PC))  returns 0x00013CB6 (0000ms, 1531ms total)
T6324B740 021:511 JLINK_DisassembleInst(Addr = 0x00013CB6)
                JLINK_ReadMemEx(0x00013CB6, 0x0002 Bytes, ..., AccessWidth = 0) -- CPU_ReadMem(64 bytes @ 0x00013C80) -- Updating DA cache (64 bytes @ 0x00013C80) -- Read from DA cache (2 bytes @ 0x00013CB6) -- Data:  13 F0  returns 0x02 (0013ms, 0013ms total)
                JLINK_ReadMemEx(0x00013CB8, 0x0002 Bytes, ..., AccessWidth = 0) -- Read from DA cache (2 bytes @ 0x00013CB8) -- Data:  02 0F  returns 0x02 (0000ms, 0013ms total)
                returns 0x04 (0013ms, 1544ms total)
T6324B740 021:524 JLINK_ReadMemEx(0x00013CB6, 0x0004 Bytes, ..., AccessWidth = 0) -- Read from DA cache (4 bytes @ 0x00013CB6) -- Data:  13 F0 02 0F  returns 0x04 (0000ms, 1544ms total)
T6324B740 021:524 JLINK_Step() -- Read from DA cache (2 bytes @ 0x00013CB6) -- CPU_ReadMem(4 bytes @ 0xE0001004) -- Not simulated  returns 0x00 (0076ms, 1620ms total)
T6324B740 021:906 JLINK_IsHalted()  returns TRUE (0001ms, 1621ms total)
T6324B740 021:907 JLINK_GetDeviceFamily()  returns 14 (0000ms, 1620ms total)
T6324B740 021:907 JLINK_ReadReg(R15 (PC))  returns 0x00013CBA (0000ms, 1620ms total)
T6324B740 021:907 JLINK_DisassembleInst(Addr = 0x00013CBA)
                JLINK_ReadMemEx(0x00013CBA, 0x0002 Bytes, ..., AccessWidth = 0) -- CPU_ReadMem(64 bytes @ 0x00013C80) -- Updating DA cache (64 bytes @ 0x00013C80) -- Read from DA cache (2 bytes @ 0x00013CBA) -- Data:  FB D0  returns 0x02 (0013ms, 0013ms total)
                returns 0x02 (0013ms, 1633ms total)
T6324B740 021:920 JLINK_ReadMemEx(0x00013CBA, 0x0002 Bytes, ..., AccessWidth = 0) -- Read from DA cache (2 bytes @ 0x00013CBA) -- Data:  FB D0  returns 0x02 (0000ms, 1633ms total)
T6324B740 021:920 JLINK_Step() -- Read from DA cache (2 bytes @ 0x00013CBA) -- CPU_ReadMem(4 bytes @ 0xE0001004) -- Simulated  returns 0x00 (0006ms, 1639ms total)
T6324B740 022:322 JLINK_IsHalted()  returns TRUE (0004ms, 1643ms total)
T6324B740 022:326 JLINK_GetDeviceFamily()  returns 14 (0000ms, 1639ms total)
T6324B740 022:327 JLINK_ReadReg(R15 (PC))  returns 0x00013CB4 (0000ms, 1640ms total)
T6324B740 022:327 JLINK_DisassembleInst(Addr = 0x00013CB4)
                JLINK_ReadMemEx(0x00013CB4, 0x0002 Bytes, ..., AccessWidth = 0) -- Read from DA cache (2 bytes @ 0x00013CB4) -- Data:  43 69  returns 0x02 (0000ms, 0000ms total)
                returns 0x02 (0000ms, 1640ms total)
T6324B740 022:327 JLINK_ReadMemEx(0x00013CB4, 0x0002 Bytes, ..., AccessWidth = 0) -- Read from DA cache (2 bytes @ 0x00013CB4) -- Data:  43 69  returns 0x02 (0000ms, 1640ms total)
T6324B740 022:327 JLINK_Step() -- Read from DA cache (2 bytes @ 0x00013CB4) -- Not simulated -- CPU_WriteMem(4 bytes @ 0xE0001004)  returns 0x00 (0079ms, 1719ms total)
T6324B740 022:730 JLINK_IsHalted()  returns TRUE (0001ms, 1720ms total)
T6324B740 022:731 JLINK_GetDeviceFamily()  returns 14 (0000ms, 1719ms total)
T6324B740 022:731 JLINK_ReadReg(R15 (PC))  returns 0x00013CB6 (0000ms, 1719ms total)
T6324B740 022:731 JLINK_DisassembleInst(Addr = 0x00013CB6)
                JLINK_ReadMemEx(0x00013CB6, 0x0002 Bytes, ..., AccessWidth = 0) -- CPU_ReadMem(64 bytes @ 0x00013C80) -- Updating DA cache (64 bytes @ 0x00013C80) -- Read from DA cache (2 bytes @ 0x00013CB6) -- Data:  13 F0  returns 0x02 (0013ms, 0013ms total)
                JLINK_ReadMemEx(0x00013CB8, 0x0002 Bytes, ..., AccessWidth = 0) -- Read from DA cache (2 bytes @ 0x00013CB8) -- Data:  02 0F  returns 0x02 (0000ms, 0013ms total)
                returns 0x04 (0013ms, 1732ms total)
T6324B740 022:744 JLINK_ReadMemEx(0x00013CB6, 0x0004 Bytes, ..., AccessWidth = 0) -- Read from DA cache (4 bytes @ 0x00013CB6) -- Data:  13 F0 02 0F  returns 0x04 (0000ms, 1732ms total)
T6324B740 022:744 JLINK_Step() -- Read from DA cache (2 bytes @ 0x00013CB6) -- CPU_ReadMem(4 bytes @ 0xE0001004) -- Not simulated  returns 0x00 (0076ms, 1808ms total)
T6324B740 023:658 JLINK_Halt()  returns 0x00 (0005ms, 1813ms total)
T6324B740 023:663 JLINK_GetDeviceFamily()  returns 14 (0000ms, 1813ms total)
T6324B740 023:663 JLINK_ReadRegs(NumRegs = 28, Indexes: 0, 1, 2, 3, 4, 5, 6, 7, 8, 9, 10, 11, 12, 13, 17, 18, 14, 15, 16, 21, 22, 23, 20, 27, 26, 25, 24, 65) -- CPU_ReadMem(4 bytes @ 0xE0001004)
 -- R0=0x40030000, R1=0x58, R2=0x20000646, R3=0x800000, R4=0x17041, R5=0x00, R6=0x20000960, R7=0x01, R8=0x1748503B, R9=0x32204634, R10=0x42CA3B08, R11=0x38583021, R12=0x00, R13 (SP)=0x20001900, MSP=0x20001900, PSP=0x11106000, R14=0x14063, R15 (PC)=0x13CBA, XPSR=0x41000037, APSR=0x40000000, EPSR=0x1000000, IPSR=0x37, CFBP=0x00, CONTROL=0x00, FAULTMASK=0x00, BASEPRI=0x00, PRIMASK=0x00, CycleCnt=0x159AA58  returns 0x00 (0006ms, 1819ms total)
T6324B740 023:669 JLINK_ReadRegs(NumRegs = 33, Indexes: 33, 34, 35, 36, 37, 38, 39, 40, 41, 42, 43, 44, 45, 46, 47, 48, 49, 50, 51, 52, 53, 54, 55, 56, 57, 58, 59, 60, 61, 62, 63, 64, 32)
 -- FPS0=0x00, FPS1=0x00, FPS2=0x00, FPS3=0x00, FPS4=0x00, FPS5=0x00, FPS6=0x00, FPS7=0x00, FPS8=0x00, FPS9=0x00, FPS10=0x00, FPS11=0x00, FPS12=0x00, FPS13=0x00, FPS14=0x00, FPS15=0x00, FPS16=0x00, FPS17=0x00, FPS18=0x00, FPS19=0x00, FPS20=0x00, FPS21=0x00, FPS22=0x00, FPS23=0x00, FPS24=0x00, FPS25=0x00, FPS26=0x00, FPS27=0x00, FPS28=0x00, FPS29=0x00, FPS30=0x00, FPS31=0x00, FPSCR=0x00  returns 0x00 (0095ms, 1914ms total)
T6324B740 024:971 JLINK_IsHalted()  returns TRUE (0004ms, 1918ms total)
T6324B740 024:975 JLINK_GetDeviceFamily()  returns 14 (0000ms, 1914ms total)
T6324B740 024:975 JLINK_ReadReg(R15 (PC))  returns 0x00013CBA (0000ms, 1914ms total)
T6324B740 024:976 JLINK_DisassembleInst(Addr = 0x00013CBA)
                JLINK_ReadMemEx(0x00013CBA, 0x0002 Bytes, ..., AccessWidth = 0) -- CPU_ReadMem(64 bytes @ 0x00013C80) -- Updating DA cache (64 bytes @ 0x00013C80) -- Read from DA cache (2 bytes @ 0x00013CBA) -- Data:  FB D0  returns 0x02 (0013ms, 0013ms total)
                returns 0x02 (0013ms, 1928ms total)
T6324B740 024:989 JLINK_ReadMemEx(0x00013CBA, 0x0002 Bytes, ..., AccessWidth = 0) -- Read from DA cache (2 bytes @ 0x00013CBA) -- Data:  FB D0  returns 0x02 (0000ms, 1928ms total)
T6324B740 024:989 JLINK_Step() -- Read from DA cache (2 bytes @ 0x00013CBA) -- Simulated  returns 0x00 (0000ms, 1928ms total)
T6324B740 025:314 JLINK_IsHalted()  returns TRUE (0000ms, 1928ms total)
T6324B740 025:314 JLINK_GetDeviceFamily()  returns 14 (0000ms, 1928ms total)
T6324B740 025:314 JLINK_ReadReg(R15 (PC))  returns 0x00013CB4 (0000ms, 1928ms total)
T6324B740 025:314 JLINK_DisassembleInst(Addr = 0x00013CB4)
                JLINK_ReadMemEx(0x00013CB4, 0x0002 Bytes, ..., AccessWidth = 0) -- Read from DA cache (2 bytes @ 0x00013CB4) -- Data:  43 69  returns 0x02 (0000ms, 0000ms total)
                returns 0x02 (0000ms, 1928ms total)
T6324B740 025:314 JLINK_ReadMemEx(0x00013CB4, 0x0002 Bytes, ..., AccessWidth = 0) -- Read from DA cache (2 bytes @ 0x00013CB4) -- Data:  43 69  returns 0x02 (0000ms, 1928ms total)
T6324B740 025:314 JLINK_Step() -- Read from DA cache (2 bytes @ 0x00013CB4) -- Not simulated -- CPU_WriteMem(4 bytes @ 0xE0001004)  returns 0x00 (0079ms, 2007ms total)
T6324B740 025:691 JLINK_IsHalted()  returns TRUE (0004ms, 2011ms total)
T6324B740 025:695 JLINK_GetDeviceFamily()  returns 14 (0000ms, 2007ms total)
T6324B740 025:695 JLINK_ReadReg(R15 (PC))  returns 0x00013CB6 (0000ms, 2007ms total)
T6324B740 025:695 JLINK_DisassembleInst(Addr = 0x00013CB6)
                JLINK_ReadMemEx(0x00013CB6, 0x0002 Bytes, ..., AccessWidth = 0) -- CPU_ReadMem(64 bytes @ 0x00013C80) -- Updating DA cache (64 bytes @ 0x00013C80) -- Read from DA cache (2 bytes @ 0x00013CB6) -- Data:  13 F0  returns 0x02 (0013ms, 0013ms total)
                JLINK_ReadMemEx(0x00013CB8, 0x0002 Bytes, ..., AccessWidth = 0) -- Read from DA cache (2 bytes @ 0x00013CB8) -- Data:  02 0F  returns 0x02 (0000ms, 0013ms total)
                returns 0x04 (0013ms, 2020ms total)
T6324B740 025:708 JLINK_ReadMemEx(0x00013CB6, 0x0004 Bytes, ..., AccessWidth = 0) -- Read from DA cache (4 bytes @ 0x00013CB6) -- Data:  13 F0 02 0F  returns 0x04 (0000ms, 2020ms total)
T6324B740 025:708 JLINK_Step() -- Read from DA cache (2 bytes @ 0x00013CB6) -- CPU_ReadMem(4 bytes @ 0xE0001004) -- Not simulated  returns 0x00 (0076ms, 2096ms total)
T6324B740 026:602 JLINK_IsHalted()  returns TRUE (0005ms, 2101ms total)
T6324B740 026:607 JLINK_GetDeviceFamily()  returns 14 (0000ms, 2096ms total)
T6324B740 026:607 JLINK_ReadReg(R15 (PC))  returns 0x00013CBA (0000ms, 2096ms total)
T6324B740 026:607 JLINK_DisassembleInst(Addr = 0x00013CBA)
                JLINK_ReadMemEx(0x00013CBA, 0x0002 Bytes, ..., AccessWidth = 0) -- CPU_ReadMem(64 bytes @ 0x00013C80) -- Updating DA cache (64 bytes @ 0x00013C80) -- Read from DA cache (2 bytes @ 0x00013CBA) -- Data:  FB D0  returns 0x02 (0013ms, 0013ms total)
                returns 0x02 (0013ms, 2109ms total)
T6324B740 026:620 JLINK_ReadMemEx(0x00013CBA, 0x0002 Bytes, ..., AccessWidth = 0) -- Read from DA cache (2 bytes @ 0x00013CBA) -- Data:  FB D0  returns 0x02 (0000ms, 2109ms total)
T6324B740 026:620 JLINK_Step() -- Read from DA cache (2 bytes @ 0x00013CBA) -- CPU_ReadMem(4 bytes @ 0xE0001004) -- Simulated  returns 0x00 (0005ms, 2114ms total)
T6324B740 027:035 JLINK_IsHalted()  returns TRUE (0000ms, 2114ms total)
T6324B740 027:035 JLINK_GetDeviceFamily()  returns 14 (0000ms, 2114ms total)
T6324B740 027:035 JLINK_ReadReg(R15 (PC))  returns 0x00013CB4 (0000ms, 2114ms total)
T6324B740 027:035 JLINK_DisassembleInst(Addr = 0x00013CB4)
                JLINK_ReadMemEx(0x00013CB4, 0x0002 Bytes, ..., AccessWidth = 0) -- Read from DA cache (2 bytes @ 0x00013CB4) -- Data:  43 69  returns 0x02 (0000ms, 0000ms total)
                returns 0x02 (0000ms, 2114ms total)
T6324B740 027:035 JLINK_ReadMemEx(0x00013CB4, 0x0002 Bytes, ..., AccessWidth = 0) -- Read from DA cache (2 bytes @ 0x00013CB4) -- Data:  43 69  returns 0x02 (0000ms, 2114ms total)
T6324B740 027:036 JLINK_Step() -- Read from DA cache (2 bytes @ 0x00013CB4) -- Not simulated -- CPU_WriteMem(4 bytes @ 0xE0001004)  returns 0x00 (0078ms, 2192ms total)
T6324B740 027:427 JLINK_IsHalted()  returns TRUE (0004ms, 2196ms total)
T6324B740 027:431 JLINK_GetDeviceFamily()  returns 14 (0000ms, 2192ms total)
T6324B740 027:431 JLINK_ReadReg(R15 (PC))  returns 0x00013CB6 (0000ms, 2192ms total)
T6324B740 027:431 JLINK_DisassembleInst(Addr = 0x00013CB6)
                JLINK_ReadMemEx(0x00013CB6, 0x0002 Bytes, ..., AccessWidth = 0) -- CPU_ReadMem(64 bytes @ 0x00013C80) -- Updating DA cache (64 bytes @ 0x00013C80) -- Read from DA cache (2 bytes @ 0x00013CB6) -- Data:  13 F0  returns 0x02 (0013ms, 0013ms total)
                JLINK_ReadMemEx(0x00013CB8, 0x0002 Bytes, ..., AccessWidth = 0) -- Read from DA cache (2 bytes @ 0x00013CB8) -- Data:  02 0F  returns 0x02 (0000ms, 0013ms total)
                returns 0x04 (0013ms, 2205ms total)
T6324B740 027:444 JLINK_ReadMemEx(0x00013CB6, 0x0004 Bytes, ..., AccessWidth = 0) -- Read from DA cache (4 bytes @ 0x00013CB6) -- Data:  13 F0 02 0F  returns 0x04 (0000ms, 2205ms total)
T6324B740 027:444 JLINK_Step() -- Read from DA cache (2 bytes @ 0x00013CB6) -- CPU_ReadMem(4 bytes @ 0xE0001004) -- Not simulated  returns 0x00 (0076ms, 2281ms total)
T6324B740 027:778 JLINK_IsHalted()  returns TRUE (0001ms, 2282ms total)
T6324B740 027:779 JLINK_GetDeviceFamily()  returns 14 (0000ms, 2281ms total)
T6324B740 027:779 JLINK_ReadReg(R15 (PC))  returns 0x00013CBA (0000ms, 2281ms total)
T6324B740 027:779 JLINK_DisassembleInst(Addr = 0x00013CBA)
                JLINK_ReadMemEx(0x00013CBA, 0x0002 Bytes, ..., AccessWidth = 0) -- CPU_ReadMem(64 bytes @ 0x00013C80) -- Updating DA cache (64 bytes @ 0x00013C80) -- Read from DA cache (2 bytes @ 0x00013CBA) -- Data:  FB D0  returns 0x02 (0013ms, 0013ms total)
                returns 0x02 (0013ms, 2294ms total)
T6324B740 027:792 JLINK_ReadMemEx(0x00013CBA, 0x0002 Bytes, ..., AccessWidth = 0) -- Read from DA cache (2 bytes @ 0x00013CBA) -- Data:  FB D0  returns 0x02 (0000ms, 2294ms total)
T6324B740 027:792 JLINK_Step() -- Read from DA cache (2 bytes @ 0x00013CBA) -- CPU_ReadMem(4 bytes @ 0xE0001004) -- Simulated  returns 0x00 (0005ms, 2299ms total)
T6324B740 028:203 JLINK_IsHalted()  returns TRUE (0004ms, 2303ms total)
T6324B740 028:207 JLINK_GetDeviceFamily()  returns 14 (0000ms, 2299ms total)
T6324B740 028:207 JLINK_ReadReg(R15 (PC))  returns 0x00013CB4 (0000ms, 2299ms total)
T6324B740 028:207 JLINK_DisassembleInst(Addr = 0x00013CB4)
                JLINK_ReadMemEx(0x00013CB4, 0x0002 Bytes, ..., AccessWidth = 0) -- Read from DA cache (2 bytes @ 0x00013CB4) -- Data:  43 69  returns 0x02 (0000ms, 0000ms total)
                returns 0x02 (0001ms, 2300ms total)
T6324B740 028:208 JLINK_ReadMemEx(0x00013CB4, 0x0002 Bytes, ..., AccessWidth = 0) -- Read from DA cache (2 bytes @ 0x00013CB4) -- Data:  43 69  returns 0x02 (0000ms, 2300ms total)
T6324B740 028:208 JLINK_Step() -- Read from DA cache (2 bytes @ 0x00013CB4) -- Not simulated -- CPU_WriteMem(4 bytes @ 0xE0001004)  returns 0x00 (0079ms, 2379ms total)
T6324B740 028:562 JLINK_IsHalted()  returns TRUE (0000ms, 2379ms total)
T6324B740 028:562 JLINK_GetDeviceFamily()  returns 14 (0000ms, 2379ms total)
T6324B740 028:562 JLINK_ReadReg(R15 (PC))  returns 0x00013CB6 (0001ms, 2380ms total)
T6324B740 028:563 JLINK_DisassembleInst(Addr = 0x00013CB6)
                JLINK_ReadMemEx(0x00013CB6, 0x0002 Bytes, ..., AccessWidth = 0) -- CPU_ReadMem(64 bytes @ 0x00013C80) -- Updating DA cache (64 bytes @ 0x00013C80) -- Read from DA cache (2 bytes @ 0x00013CB6) -- Data:  13 F0  returns 0x02 (0012ms, 0012ms total)
                JLINK_ReadMemEx(0x00013CB8, 0x0002 Bytes, ..., AccessWidth = 0) -- Read from DA cache (2 bytes @ 0x00013CB8) -- Data:  02 0F  returns 0x02 (0001ms, 0013ms total)
                returns 0x04 (0013ms, 2393ms total)
T6324B740 028:576 JLINK_ReadMemEx(0x00013CB6, 0x0004 Bytes, ..., AccessWidth = 0) -- Read from DA cache (4 bytes @ 0x00013CB6) -- Data:  13 F0 02 0F  returns 0x04 (0000ms, 2393ms total)
T6324B740 028:576 JLINK_Step() -- Read from DA cache (2 bytes @ 0x00013CB6) -- CPU_ReadMem(4 bytes @ 0xE0001004) -- Not simulated  returns 0x00 (0075ms, 2468ms total)
T6324B740 029:107 JLINK_IsHalted()  returns TRUE (0004ms, 2472ms total)
T6324B740 029:111 JLINK_GetDeviceFamily()  returns 14 (0000ms, 2468ms total)
T6324B740 029:111 JLINK_ReadReg(R15 (PC))  returns 0x00013CBA (0000ms, 2468ms total)
T6324B740 029:111 JLINK_DisassembleInst(Addr = 0x00013CBA)
                JLINK_ReadMemEx(0x00013CBA, 0x0002 Bytes, ..., AccessWidth = 0) -- CPU_ReadMem(64 bytes @ 0x00013C80) -- Updating DA cache (64 bytes @ 0x00013C80) -- Read from DA cache (2 bytes @ 0x00013CBA) -- Data:  FB D0  returns 0x02 (0013ms, 0013ms total)
                returns 0x02 (0013ms, 2481ms total)
T6324B740 029:124 JLINK_ReadMemEx(0x00013CBA, 0x0002 Bytes, ..., AccessWidth = 0) -- Read from DA cache (2 bytes @ 0x00013CBA) -- Data:  FB D0  returns 0x02 (0000ms, 2481ms total)
T6324B740 029:124 JLINK_Step() -- Read from DA cache (2 bytes @ 0x00013CBA) -- CPU_ReadMem(4 bytes @ 0xE0001004) -- Simulated  returns 0x00 (0006ms, 2487ms total)
T6324B740 029:610 JLINK_IsHalted()  returns TRUE (0004ms, 2491ms total)
T6324B740 029:614 JLINK_GetDeviceFamily()  returns 14 (0000ms, 2487ms total)
T6324B740 029:614 JLINK_ReadReg(R15 (PC))  returns 0x00013CB4 (0000ms, 2487ms total)
T6324B740 029:614 JLINK_DisassembleInst(Addr = 0x00013CB4)
                JLINK_ReadMemEx(0x00013CB4, 0x0002 Bytes, ..., AccessWidth = 0) -- Read from DA cache (2 bytes @ 0x00013CB4) -- Data:  43 69  returns 0x02 (0000ms, 0000ms total)
                returns 0x02 (0001ms, 2488ms total)
T6324B740 029:615 JLINK_ReadMemEx(0x00013CB4, 0x0002 Bytes, ..., AccessWidth = 0) -- Read from DA cache (2 bytes @ 0x00013CB4) -- Data:  43 69  returns 0x02 (0000ms, 2488ms total)
T6324B740 029:615 JLINK_Step() -- Read from DA cache (2 bytes @ 0x00013CB4) -- Not simulated -- CPU_WriteMem(4 bytes @ 0xE0001004)  returns 0x00 (0079ms, 2567ms total)
T6324B740 030:362 JLINK_Close() >0x78 JTAG> >0x08 JTAG> (0007ms, 2574ms total)
T6324B740 030:362  (0008ms, 2575ms total)
T6324B740 030:362 Closed (0008ms, 2575ms total)
